This file contains any messages produced by compilers while
running configure, to aid debugging if configure makes a mistake.

It was created by streamly configure 0.10.1, which was
generated by GNU Autoconf 2.71.  Invocation command line was

  $ //Users/jose-joro/Pay/streamly-0.10.1/configure --with-compiler=ghc --prefix=/Users/jose-joro/.cabal --bindir=/Users/jose-joro/.cabal/bin --libdir=/Users/jose-joro/.cabal/lib/aarch64-osx-ghc-9.8.2/streamly-0.10.1-inplace --libexecdir=/Users/jose-joro/.cabal/libexec/aarch64-osx-ghc-9.8.2/streamly-0.10.1 --datadir=/Users/jose-joro/.cabal/share/aarch64-osx-ghc-9.8.2/streamly-0.10.1 --sysconfdir=/Users/jose-joro/.cabal/etc CC=/usr/bin/gcc

## --------- ##
## Platform. ##
## --------- ##

hostname = jose-joros-macbook-pro-2.home
uname -m = arm64
uname -r = 23.1.0
uname -s = Darwin
uname -v = Darwin Kernel Version 23.1.0: Mon Oct  9 21:32:11 PDT 2023; root:xnu-10002.41.9~7/RELEASE_ARM64_T6030

/usr/bin/uname -p = arm
/bin/uname -X     = unknown

/bin/arch              = unknown
/usr/bin/arch -k       = unknown
/usr/convex/getsysinfo = unknown
/usr/bin/hostinfo      = Mach kernel version:
	 Darwin Kernel Version 23.1.0: Mon Oct  9 21:32:11 PDT 2023; root:xnu-10002.41.9~7/RELEASE_ARM64_T6030
Kernel configured for up to 11 processors.
11 processors are physically available.
11 processors are logically available.
Processor type: arm64e (ARM64E)
Processors active: 0 1 2 3 4 5 6 7 8 9 10
Primary memory available: 18.00 gigabytes
Default processor set: 514 tasks, 3135 threads, 11 processors
Load average: 4.48, Mach factor: 6.95
/bin/machine           = unknown
/usr/bin/oslevel       = unknown
/bin/universe          = unknown

PATH: /Users/jose-joro/.cabal/bin/
PATH: /Users/jose-joro/.cabal/bin/
PATH: /opt/homebrew/opt/libpq/bin/
PATH: /opt/homebrew/opt/mysql-client@5.7/bin/
PATH: /opt/homebrew/opt/node@16/bin/
PATH: /opt/homebrew/opt/openssl@1.1/bin/
PATH: /opt/homebrew/Caskroom/google-cloud-sdk/latest/google-cloud-sdk/bin/
PATH: /Users/jose-joro/.local/bin/
PATH: /Users/jose-joro/.ghcup/bin/
PATH: /Users/jose-joro/.cabal/bin/
PATH: /Users/jose-joro/.nix-profile/bin/
PATH: /nix/var/nix/profiles/default/bin/
PATH: /opt/homebrew/bin/
PATH: /opt/homebrew/sbin/
PATH: /usr/local/bin/
PATH: /System/Cryptexes/App/usr/bin/
PATH: /usr/bin/
PATH: /bin/
PATH: /usr/sbin/
PATH: /sbin/
PATH: /var/run/com.apple.security.cryptexd/codex.system/bootstrap/usr/local/bin/
PATH: /var/run/com.apple.security.cryptexd/codex.system/bootstrap/usr/bin/
PATH: /var/run/com.apple.security.cryptexd/codex.system/bootstrap/usr/appleinternal/bin/
PATH: /Library/Apple/usr/bin/
PATH: /usr/local/MacGPG2/bin/
PATH: /Users/jose-joro/.fzf/bin/
PATH: /nix/var/nix/profiles/default/bin/


## ----------- ##
## Core tests. ##
## ----------- ##

configure:2224: checking for gcc
configure:2256: result: /usr/bin/gcc
configure:2609: checking for C compiler version
configure:2618: /usr/bin/gcc --version >&5
Apple clang version 15.0.0 (clang-1500.0.40.1)
Target: arm64-apple-darwin23.1.0
Thread model: posix
InstalledDir: /Applications/Xcode.app/Contents/Developer/Toolchains/XcodeDefault.xctoolchain/usr/bin
configure:2629: $? = 0
configure:2618: /usr/bin/gcc -v >&5
Apple clang version 15.0.0 (clang-1500.0.40.1)
Target: arm64-apple-darwin23.1.0
Thread model: posix
InstalledDir: /Applications/Xcode.app/Contents/Developer/Toolchains/XcodeDefault.xctoolchain/usr/bin
configure:2629: $? = 0
configure:2618: /usr/bin/gcc -V >&5
clang: error: argument to '-V' is missing (expected 1 value)
clang: error: no input files
configure:2629: $? = 1
configure:2618: /usr/bin/gcc -qversion >&5
clang: error: unknown argument '-qversion'; did you mean '--version'?
clang: error: no input files
configure:2629: $? = 1
configure:2618: /usr/bin/gcc -version >&5
clang: error: unknown argument '-version'; did you mean '--version'?
clang: error: no input files
configure:2629: $? = 1
configure:2649: checking whether the C compiler works
configure:2671: /usr/bin/gcc --target=arm64-apple-darwin -Qunused-arguments --target=arm64-apple-darwin -Wl,-no_fixup_chains -Wl,-no_warn_duplicate_libraries   conftest.c  >&5
configure:2675: $? = 0
configure:2725: result: yes
configure:2728: checking for C compiler default output file name
configure:2730: result: a.out
configure:2736: checking for suffix of executables
configure:2743: /usr/bin/gcc -o conftest --target=arm64-apple-darwin -Qunused-arguments --target=arm64-apple-darwin -Wl,-no_fixup_chains -Wl,-no_warn_duplicate_libraries   conftest.c  >&5
configure:2747: $? = 0
configure:2770: result: 
configure:2792: checking whether we are cross compiling
configure:2800: /usr/bin/gcc -o conftest --target=arm64-apple-darwin -Qunused-arguments --target=arm64-apple-darwin -Wl,-no_fixup_chains -Wl,-no_warn_duplicate_libraries   conftest.c  >&5
configure:2804: $? = 0
configure:2811: ./conftest
configure:2815: $? = 0
configure:2830: result: no
configure:2835: checking for suffix of object files
configure:2858: /usr/bin/gcc -c --target=arm64-apple-darwin -Qunused-arguments --target=arm64-apple-darwin -Wl,-no_fixup_chains -Wl,-no_warn_duplicate_libraries  conftest.c >&5
configure:2862: $? = 0
configure:2884: result: o
configure:2888: checking whether the compiler supports GNU C
configure:2908: /usr/bin/gcc -c --target=arm64-apple-darwin -Qunused-arguments --target=arm64-apple-darwin -Wl,-no_fixup_chains -Wl,-no_warn_duplicate_libraries  conftest.c >&5
configure:2908: $? = 0
configure:2918: result: yes
configure:2929: checking whether /usr/bin/gcc accepts -g
configure:2950: /usr/bin/gcc -c -g  conftest.c >&5
configure:2950: $? = 0
configure:2994: result: yes
configure:3014: checking for /usr/bin/gcc option to enable C11 features
configure:3029: /usr/bin/gcc  -c --target=arm64-apple-darwin -Qunused-arguments --target=arm64-apple-darwin -Wl,-no_fixup_chains -Wl,-no_warn_duplicate_libraries  conftest.c >&5
conftest.c:23:14: warning: a function definition without a prototype is deprecated in all versions of C and is not supported in C2x [-Wdeprecated-non-prototype]
static char *e (p, i)
             ^
1 warning generated.
configure:3029: $? = 0
configure:3047: result: none needed
configure:3158: checking for /usr/bin/gcc options needed to detect all undeclared functions
configure:3180: /usr/bin/gcc -c --target=arm64-apple-darwin -Qunused-arguments --target=arm64-apple-darwin -Wl,-no_fixup_chains -Wl,-no_warn_duplicate_libraries   conftest.c >&5
conftest.c:13:8: error: call to undeclared library function 'strchr' with type 'char *(const char *, int)'; ISO C99 and later do not support implicit function declarations [-Wimplicit-function-declaration]
(void) strchr;
       ^
conftest.c:13:8: note: include the header <string.h> or explicitly provide a declaration for 'strchr'
1 error generated.
configure:3180: $? = 1
configure: failed program was:
| /* confdefs.h */
| #define PACKAGE_NAME "streamly"
| #define PACKAGE_TARNAME "streamly"
| #define PACKAGE_VERSION "0.10.1"
| #define PACKAGE_STRING "streamly 0.10.1"
| #define PACKAGE_BUGREPORT "streamly@composewell.com"
| #define PACKAGE_URL "https://streamly.composewell.com"
| /* end confdefs.h.  */
| 
| int
| main (void)
| {
| (void) strchr;
|   ;
|   return 0;
| }
configure:3207: /usr/bin/gcc -c --target=arm64-apple-darwin -Qunused-arguments --target=arm64-apple-darwin -Wl,-no_fixup_chains -Wl,-no_warn_duplicate_libraries   conftest.c >&5
configure:3207: $? = 0
configure:3224: result: none needed
configure:3238: checking whether IN_MASK_CREATE is declared
configure:3238: /usr/bin/gcc -c --target=arm64-apple-darwin -Qunused-arguments --target=arm64-apple-darwin -Wl,-no_fixup_chains -Wl,-no_warn_duplicate_libraries   conftest.c >&5
conftest.c:9:10: fatal error: 'sys/inotify.h' file not found
#include <sys/inotify.h>
         ^~~~~~~~~~~~~~~
1 error generated.
configure:3238: $? = 1
configure: failed program was:
| /* confdefs.h */
| #define PACKAGE_NAME "streamly"
| #define PACKAGE_TARNAME "streamly"
| #define PACKAGE_VERSION "0.10.1"
| #define PACKAGE_STRING "streamly 0.10.1"
| #define PACKAGE_BUGREPORT "streamly@composewell.com"
| #define PACKAGE_URL "https://streamly.composewell.com"
| /* end confdefs.h.  */
| #include <sys/inotify.h>
| 
| int
| main (void)
| {
| #ifndef IN_MASK_CREATE
| #ifdef __cplusplus
|   (void) IN_MASK_CREATE;
| #else
|   (void) IN_MASK_CREATE;
| #endif
| #endif
| 
|   ;
|   return 0;
| }
configure:3238: result: no
configure:3248: checking whether IN_EXCL_UNLINK is declared
configure:3248: /usr/bin/gcc -c --target=arm64-apple-darwin -Qunused-arguments --target=arm64-apple-darwin -Wl,-no_fixup_chains -Wl,-no_warn_duplicate_libraries   conftest.c >&5
conftest.c:10:10: fatal error: 'sys/inotify.h' file not found
#include <sys/inotify.h>
         ^~~~~~~~~~~~~~~
1 error generated.
configure:3248: $? = 1
configure: failed program was:
| /* confdefs.h */
| #define PACKAGE_NAME "streamly"
| #define PACKAGE_TARNAME "streamly"
| #define PACKAGE_VERSION "0.10.1"
| #define PACKAGE_STRING "streamly 0.10.1"
| #define PACKAGE_BUGREPORT "streamly@composewell.com"
| #define PACKAGE_URL "https://streamly.composewell.com"
| #define HAVE_DECL_IN_MASK_CREATE 0
| /* end confdefs.h.  */
| #include <sys/inotify.h>
| 
| int
| main (void)
| {
| #ifndef IN_EXCL_UNLINK
| #ifdef __cplusplus
|   (void) IN_EXCL_UNLINK;
| #else
|   (void) IN_EXCL_UNLINK;
| #endif
| #endif
| 
|   ;
|   return 0;
| }
configure:3248: result: no
configure:3260: checking whether kFSEventStreamCreateFlagFileEvents is declared
configure:3260: /usr/bin/gcc -c --target=arm64-apple-darwin -Qunused-arguments --target=arm64-apple-darwin -Wl,-no_fixup_chains -Wl,-no_warn_duplicate_libraries   conftest.c >&5
configure:3260: $? = 0
configure:3260: result: yes
configure:3270: checking whether kFSEventStreamCreateFlagFullHistory is declared
configure:3270: /usr/bin/gcc -c --target=arm64-apple-darwin -Qunused-arguments --target=arm64-apple-darwin -Wl,-no_fixup_chains -Wl,-no_warn_duplicate_libraries   conftest.c >&5
configure:3270: $? = 0
configure:3270: result: yes
configure:3280: checking whether kFSEventStreamEventFlagItemCloned is declared
configure:3280: /usr/bin/gcc -c --target=arm64-apple-darwin -Qunused-arguments --target=arm64-apple-darwin -Wl,-no_fixup_chains -Wl,-no_warn_duplicate_libraries   conftest.c >&5
configure:3280: $? = 0
configure:3280: result: yes
configure:3290: checking whether kFSEventStreamEventFlagItemIsHardlink is declared
configure:3290: /usr/bin/gcc -c --target=arm64-apple-darwin -Qunused-arguments --target=arm64-apple-darwin -Wl,-no_fixup_chains -Wl,-no_warn_duplicate_libraries   conftest.c >&5
configure:3290: $? = 0
configure:3290: result: yes
configure:3418: creating ./config.status

## ---------------------- ##
## Running config.status. ##
## ---------------------- ##

This file was extended by streamly config.status 0.10.1, which was
generated by GNU Autoconf 2.71.  Invocation command line was

  CONFIG_FILES    = 
  CONFIG_HEADERS  = 
  CONFIG_LINKS    = 
  CONFIG_COMMANDS = 
  $ ./config.status 

on jose-joros-macbook-pro-2.home

config.status:664: creating src/config.h

## ---------------- ##
## Cache variables. ##
## ---------------- ##

ac_cv_c_compiler_gnu=yes
ac_cv_c_undeclared_builtin_options='none needed'
ac_cv_env_CC_set=set
ac_cv_env_CC_value=/usr/bin/gcc
ac_cv_env_CFLAGS_set=set
ac_cv_env_CFLAGS_value='--target=arm64-apple-darwin -Qunused-arguments --target=arm64-apple-darwin -Wl,-no_fixup_chains -Wl,-no_warn_duplicate_libraries'
ac_cv_env_CPPFLAGS_set=
ac_cv_env_CPPFLAGS_value=
ac_cv_env_LDFLAGS_set=
ac_cv_env_LDFLAGS_value=
ac_cv_env_LIBS_set=
ac_cv_env_LIBS_value=
ac_cv_env_build_alias_set=
ac_cv_env_build_alias_value=
ac_cv_env_host_alias_set=
ac_cv_env_host_alias_value=
ac_cv_env_target_alias_set=
ac_cv_env_target_alias_value=
ac_cv_have_decl_IN_EXCL_UNLINK=no
ac_cv_have_decl_IN_MASK_CREATE=no
ac_cv_have_decl_kFSEventStreamCreateFlagFileEvents=yes
ac_cv_have_decl_kFSEventStreamCreateFlagFullHistory=yes
ac_cv_have_decl_kFSEventStreamEventFlagItemCloned=yes
ac_cv_have_decl_kFSEventStreamEventFlagItemIsHardlink=yes
ac_cv_objext=o
ac_cv_prog_ac_ct_CC=/usr/bin/gcc
ac_cv_prog_cc_c11=
ac_cv_prog_cc_g=yes
ac_cv_prog_cc_stdc=

## ----------------- ##
## Output variables. ##
## ----------------- ##

CC='/usr/bin/gcc'
CFLAGS='--target=arm64-apple-darwin -Qunused-arguments --target=arm64-apple-darwin -Wl,-no_fixup_chains -Wl,-no_warn_duplicate_libraries'
CPPFLAGS=''
DEFS='-DHAVE_CONFIG_H'
ECHO_C='\c'
ECHO_N=''
ECHO_T=''
EXEEXT=''
LDFLAGS=''
LIBOBJS=''
LIBS=''
LTLIBOBJS=''
OBJEXT='o'
PACKAGE_BUGREPORT='streamly@composewell.com'
PACKAGE_NAME='streamly'
PACKAGE_STRING='streamly 0.10.1'
PACKAGE_TARNAME='streamly'
PACKAGE_URL='https://streamly.composewell.com'
PACKAGE_VERSION='0.10.1'
PATH_SEPARATOR=':'
SHELL='/bin/sh'
ac_ct_CC='/usr/bin/gcc'
bindir='/Users/jose-joro/.cabal/bin'
build_alias=''
datadir='/Users/jose-joro/.cabal/share/aarch64-osx-ghc-9.8.2/streamly-0.10.1'
datarootdir='${prefix}/share'
docdir='${datarootdir}/doc/${PACKAGE_TARNAME}'
dvidir='${docdir}'
exec_prefix='${prefix}'
host_alias=''
htmldir='${docdir}'
includedir='${prefix}/include'
infodir='${datarootdir}/info'
libdir='/Users/jose-joro/.cabal/lib/aarch64-osx-ghc-9.8.2/streamly-0.10.1-inplace'
libexecdir='/Users/jose-joro/.cabal/libexec/aarch64-osx-ghc-9.8.2/streamly-0.10.1'
localedir='${datarootdir}/locale'
localstatedir='${prefix}/var'
mandir='${datarootdir}/man'
oldincludedir='/usr/include'
pdfdir='${docdir}'
prefix='/Users/jose-joro/.cabal'
program_transform_name='s,x,x,'
psdir='${docdir}'
runstatedir='${localstatedir}/run'
sbindir='${exec_prefix}/sbin'
sharedstatedir='${prefix}/com'
sysconfdir='/Users/jose-joro/.cabal/etc'
target_alias=''

## ----------- ##
## confdefs.h. ##
## ----------- ##

/* confdefs.h */
#define PACKAGE_NAME "streamly"
#define PACKAGE_TARNAME "streamly"
#define PACKAGE_VERSION "0.10.1"
#define PACKAGE_STRING "streamly 0.10.1"
#define PACKAGE_BUGREPORT "streamly@composewell.com"
#define PACKAGE_URL "https://streamly.composewell.com"
#define HAVE_DECL_IN_MASK_CREATE 0
#define HAVE_DECL_IN_EXCL_UNLINK 0
#define HAVE_DECL_KFSEVENTSTREAMCREATEFLAGFILEEVENTS 1
#define HAVE_DECL_KFSEVENTSTREAMCREATEFLAGFULLHISTORY 1
#define HAVE_DECL_KFSEVENTSTREAMEVENTFLAGITEMCLONED 1
#define HAVE_DECL_KFSEVENTSTREAMEVENTFLAGITEMISHARDLINK 1

configure: exit 0
